<?xml version="1.0" encoding="UTF-8"?>
<!-- Generated by org.testng.reporters.JUnitReportReporter -->
<testsuite skipped="0" hostname="DESKTOP-6L0PV5U" name="Selenium.Project2.Leafground_MultiWindow" tests="1" failures="0" timestamp="16 Jun 2021 07:11:34 GMT" time="16.445" errors="0">
  <testcase name="win1" time="16.445" classname="Selenium.Project2.Leafground_MultiWindow"/>
</testsuite> <!-- Selenium.Project2.Leafground_MultiWindow -->
