<?xml version="1.0" encoding="UTF-8"?>
<!-- Generated by org.testng.reporters.JUnitReportReporter -->
<testsuite hostname="DESKTOP-6L0PV5U" failures="0" tests="1" name="Selenium.Project2.Leafground_Frames" time="8.070" errors="0" timestamp="15 Jun 2021 07:16:46 GMT" skipped="0">
  <testcase classname="Selenium.Project2.Leafground_Frames" name="frame" time="8.070"/>
</testsuite> <!-- Selenium.Project2.Leafground_Frames -->
