<?xml version="1.0" encoding="UTF-8"?>
<!-- Generated by org.testng.reporters.JUnitReportReporter -->
<testsuite hostname="DESKTOP-6L0PV5U" failures="0" tests="1" name="Selenium.Project2.Leafground_Windows" time="46.385" errors="0" timestamp="15 Jun 2021 11:39:52 GMT" skipped="0">
  <testcase classname="Selenium.Project2.Leafground_Windows" name="windowhandle" time="46.385"/>
</testsuite> <!-- Selenium.Project2.Leafground_Windows -->
